<?xml version="1.0" encoding="UTF-8"?>
<!-- Generated by org.testng.reporters.JUnitReportReporter -->
<testsuite skipped="0" hostname="acer-PC" name="GoogleTest.GoogleTest" tests="1" failures="0" timestamp="19 Mar 2017 12:00:00 GMT" time="102.876" errors="0">
  <testcase name="googleTest" time="102.876" classname="GoogleTest.GoogleTest"/>
</testsuite> <!-- GoogleTest.GoogleTest -->
